<?xml version="1.0" encoding="UTF-8"?>
<testng-results skipped="0" failed="0" ignored="0" total="1" passed="1">
  <reporter-output>
  </reporter-output>
  <suite name="Default suite" duration-ms="46676" started-at="2021-04-15T18:36:37 IST" finished-at="2021-04-15T18:37:24 IST">
    <groups>
    </groups>
    <test name="Default test" duration-ms="46676" started-at="2021-04-15T18:36:37 IST" finished-at="2021-04-15T18:37:24 IST">
      <class name="test.FailLoginTest">
        <test-method status="PASS" signature="intialize()[pri:0, instance:test.FailLoginTest@1e6d1014]" name="intialize" is-config="true" duration-ms="42521" started-at="2021-04-15T18:36:37 IST" finished-at="2021-04-15T18:37:19 IST">
          <reporter-output>
          </reporter-output>
        </test-method> <!-- intialize -->
        <test-method status="PASS" signature="FailLoginTest()[pri:0, instance:test.FailLoginTest@1e6d1014]" name="FailLoginTest" duration-ms="678" started-at="2021-04-15T18:37:20 IST" finished-at="2021-04-15T18:37:20 IST">
          <reporter-output>
          </reporter-output>
        </test-method> <!-- FailLoginTest -->
        <test-method status="PASS" signature="tearDown()[pri:0, instance:test.FailLoginTest@1e6d1014]" name="tearDown" is-config="true" duration-ms="3399" started-at="2021-04-15T18:37:20 IST" finished-at="2021-04-15T18:37:24 IST">
          <reporter-output>
          </reporter-output>
        </test-method> <!-- tearDown -->
      </class> <!-- test.FailLoginTest -->
    </test> <!-- Default test -->
  </suite> <!-- Default suite -->
</testng-results>
